Build started 05/11/2014 08:18:59.
     1>Project "C:\Users\Leonardo\Desktop\UBC\EECE314\Assignments\1\FINAL VERSION\Assignment1_Chevron\Pump4\Pump4.vcxproj" on node 6 (Build target(s)).
     1>ClCompile:
         C:\Program Files (x86)\Microsoft Visual Studio 12.0\VC\bin\CL.exe /c /Zi /nologo /W3 /WX- /sdl /O2 /Oi /Oy- /GL /D _MBCS /Gm- /EHsc /MD /GS /Gy /fp:precise /Zc:wchar_t /Zc:forScope /Fo"Release\\" /Fd"Release\vc120.pdb" /Gd /TP /analyze- /errorReport:prompt ..\Customer.cpp ..\Pump.cpp ..\rt.cpp Pump4.cpp
         Customer.cpp
         Pump.cpp
     1>c:\users\leonardo\desktop\ubc\eece314\assignments\1\final version\assignment1_chevron\Pump.h(17): warning C4091: 'typedef ' : ignored on left of 'pumpStatus' when no variable is declared
     1>c:\users\leonardo\desktop\ubc\eece314\assignments\1\final version\assignment1_chevron\Pump.h(24): warning C4091: 'typedef ' : ignored on left of 'customerStatus' when no variable is declared
     1>c:\users\leonardo\desktop\ubc\eece314\assignments\1\final version\assignment1_chevron\Pump.h(29): warning C4091: 'typedef ' : ignored on left of 'fuelTankStatus' when no variable is declared
     1>..\Pump.cpp(95): warning C4305: 'initializing' : truncation from 'double' to 'float'
     1>..\Pump.cpp(96): warning C4305: 'initializing' : truncation from 'double' to 'float'
     1>..\Pump.cpp(97): warning C4305: 'initializing' : truncation from 'double' to 'float'
     1>..\Pump.cpp(98): warning C4305: 'initializing' : truncation from 'double' to 'float'
         rt.cpp
     1>..\rt.cpp(1789): warning C4244: 'initializing' : conversion from 'std::streamsize' to 'int', possible loss of data
         Pump4.cpp
     1>c:\users\leonardo\desktop\ubc\eece314\assignments\1\final version\assignment1_chevron\pump4\..\Pump.h(17): warning C4091: 'typedef ' : ignored on left of 'pumpStatus' when no variable is declared
     1>c:\users\leonardo\desktop\ubc\eece314\assignments\1\final version\assignment1_chevron\pump4\..\Pump.h(24): warning C4091: 'typedef ' : ignored on left of 'customerStatus' when no variable is declared
     1>c:\users\leonardo\desktop\ubc\eece314\assignments\1\final version\assignment1_chevron\pump4\..\Pump.h(29): warning C4091: 'typedef ' : ignored on left of 'fuelTankStatus' when no variable is declared
       Link:
         C:\Program Files (x86)\Microsoft Visual Studio 12.0\VC\bin\link.exe /ERRORREPORT:PROMPT /OUT:"C:\Users\Leonardo\Desktop\UBC\EECE314\Assignments\1\FINAL VERSION\Assignment1_Chevron\Release\Pump4.exe" /NOLOGO kernel32.lib user32.lib gdi32.lib winspool.lib comdlg32.lib advapi32.lib shell32.lib ole32.lib oleaut32.lib uuid.lib odbc32.lib odbccp32.lib /MANIFEST /MANIFESTUAC:"level='asInvoker' uiAccess='false'" /manifest:embed /DEBUG /PDB:"C:\Users\Leonardo\Desktop\UBC\EECE314\Assignments\1\FINAL VERSION\Assignment1_Chevron\Release\Pump4.pdb" /OPT:REF /OPT:ICF /LTCG /TLBID:1 /DYNAMICBASE /NXCOMPAT /IMPLIB:"C:\Users\Leonardo\Desktop\UBC\EECE314\Assignments\1\FINAL VERSION\Assignment1_Chevron\Release\Pump4.lib" /MACHINE:X86 /SAFESEH Release\Customer.obj
         Release\Pump.obj
         Release\rt.obj
         Release\Pump4.obj
         Generating code
         Finished generating code
         Pump4.vcxproj -> C:\Users\Leonardo\Desktop\UBC\EECE314\Assignments\1\FINAL VERSION\Assignment1_Chevron\Release\Pump4.exe
     1>Done Building Project "C:\Users\Leonardo\Desktop\UBC\EECE314\Assignments\1\FINAL VERSION\Assignment1_Chevron\Pump4\Pump4.vcxproj" (Build target(s)).

Build succeeded.

Time Elapsed 00:00:13.99
