Build started 22/10/2014 20:09:07.
     1>Project "C:\Users\Leonardo\Desktop\UBC\EECE314\Assignments\1\Assignment1_Chevron\Pump4\Pump4.vcxproj" on node 6 (Build target(s)).
     1>ClCompile:
         C:\Program Files (x86)\Microsoft Visual Studio 12.0\VC\bin\CL.exe /c /ZI /nologo /W3 /WX- /sdl /Od /Oy- /D _MBCS /Gm /EHsc /RTC1 /MDd /GS /fp:precise /Zc:wchar_t /Zc:forScope /Fo"Debug\\" /Fd"Debug\vc120.pdb" /Gd /TP /analyze- /errorReport:prompt ..\Customer.cpp ..\Pump.cpp ..\rt.cpp Pump4.cpp
         Pump4.cpp
     1>c:\users\leonardo\desktop\ubc\eece314\assignments\1\assignment1_chevron\pump.h(13): warning C4091: 'typedef ' : ignored on left of 'pumpStatus' when no variable is declared
     1>c:\users\leonardo\desktop\ubc\eece314\assignments\1\assignment1_chevron\pump.h(20): warning C4091: 'typedef ' : ignored on left of 'customerCar' when no variable is declared
         rt.cpp
     1>c:\users\leonardo\desktop\ubc\eece314\assignments\1\assignment1_chevron\rt.cpp(1789): warning C4244: 'initializing' : conversion from 'std::streamsize' to 'int', possible loss of data
         Pump.cpp
     1>c:\users\leonardo\desktop\ubc\eece314\assignments\1\assignment1_chevron\pump.h(13): warning C4091: 'typedef ' : ignored on left of 'pumpStatus' when no variable is declared
     1>c:\users\leonardo\desktop\ubc\eece314\assignments\1\assignment1_chevron\pump.h(20): warning C4091: 'typedef ' : ignored on left of 'customerCar' when no variable is declared
         Customer.cpp
         Generating Code...
       Link:
         C:\Program Files (x86)\Microsoft Visual Studio 12.0\VC\bin\link.exe /ERRORREPORT:PROMPT /OUT:"C:\Users\Leonardo\Desktop\UBC\EECE314\Assignments\1\Assignment1_Chevron\Debug\Pump4.exe" /INCREMENTAL /NOLOGO kernel32.lib user32.lib gdi32.lib winspool.lib comdlg32.lib advapi32.lib shell32.lib ole32.lib oleaut32.lib uuid.lib odbc32.lib odbccp32.lib /MANIFEST /MANIFESTUAC:"level='asInvoker' uiAccess='false'" /manifest:embed /DEBUG /PDB:"C:\Users\Leonardo\Desktop\UBC\EECE314\Assignments\1\Assignment1_Chevron\Debug\Pump4.pdb" /TLBID:1 /DYNAMICBASE /NXCOMPAT /IMPLIB:"C:\Users\Leonardo\Desktop\UBC\EECE314\Assignments\1\Assignment1_Chevron\Debug\Pump4.lib" /MACHINE:X86 Debug\Customer.obj
         Debug\Pump.obj
         Debug\rt.obj
         Debug\Pump4.obj
         Pump4.vcxproj -> C:\Users\Leonardo\Desktop\UBC\EECE314\Assignments\1\Assignment1_Chevron\Debug\Pump4.exe
     1>Done Building Project "C:\Users\Leonardo\Desktop\UBC\EECE314\Assignments\1\Assignment1_Chevron\Pump4\Pump4.vcxproj" (Build target(s)).

Build succeeded.

Time Elapsed 00:00:05.97
